\BOOKMARK [1][-]{section.2}{\376\377\000I\000n\000t\000r\000o\000d\000u\000c\000t\000i\000o\000n}{}% 1
\BOOKMARK [1][-]{section.10}{\376\377\000D\000a\000t\000a}{}% 2
\BOOKMARK [1][-]{section.22}{\376\377\000R\000e\000d\000u\000c\000e\000d\000-\000f\000o\000r\000m\000\040\000e\000v\000i\000d\000e\000n\000c\000e}{}% 3
\BOOKMARK [2][-]{subsection.23}{\376\377\000L\000O\000P\000\040\000D\000e\000v\000i\000a\000t\000i\000o\000n\000s}{section.22}% 4
\BOOKMARK [2][-]{subsection.32}{\376\377\000C\000h\000o\000i\000c\000e\000\040\000s\000e\000t\000\040\000d\000i\000f\000f\000e\000r\000e\000n\000c\000e\000s}{section.22}% 5
\BOOKMARK [1][-]{section.41}{\376\377\000T\000h\000e\000o\000r\000e\000t\000i\000c\000a\000l\000\040\000F\000r\000a\000m\000e\000w\000o\000r\000k}{}% 6
\BOOKMARK [2][-]{subsection.42}{\376\377\000C\000o\000n\000s\000u\000m\000e\000r\000\040\000p\000r\000e\000f\000e\000r\000e\000n\000c\000e\000s}{section.41}% 7
\BOOKMARK [2][-]{subsection.46}{\376\377\000D\000e\000c\000o\000m\000p\000o\000s\000i\000n\000g\000\040\000C\000o\000s\000t\000-\000o\000f\000-\000l\000i\000v\000i\000n\000g\000\040\000D\000i\000f\000f\000e\000r\000e\000n\000c\000e\000s}{section.41}% 8
\BOOKMARK [2][-]{subsection.53}{\376\377\000D\000e\000t\000e\000c\000t\000i\000n\000g\000\040\000g\000e\000o\000g\000r\000a\000p\000h\000i\000c\000\040\000m\000a\000r\000k\000e\000t\000\040\000s\000e\000g\000m\000e\000n\000t\000a\000t\000i\000o\000n}{section.41}% 9
\BOOKMARK [1][-]{section.55}{\376\377\000S\000t\000r\000u\000c\000t\000u\000r\000a\000l\000\040\000E\000s\000t\000i\000m\000a\000t\000i\000o\000n}{}% 10
\BOOKMARK [2][-]{subsection.56}{\376\377\000E\000l\000a\000s\000t\000i\000c\000i\000t\000i\000e\000s\000\040\000o\000f\000\040\000S\000u\000b\000s\000t\000i\000t\000u\000t\000i\000o\000n}{section.55}% 11
\BOOKMARK [3][-]{subsubsection.57}{\376\377\000P\000r\000o\000d\000u\000c\000t\000\040\000v\000a\000r\000i\000e\000t\000y\000-\000l\000e\000v\000e\000l\000\040\000e\000l\000a\000s\000t\000i\000c\000i\000t\000i\000e\000s\000\040\000-\000\040\000p}{subsection.56}% 12
\BOOKMARK [3][-]{subsubsection.68}{\376\377\000F\000i\000r\000m\000-\000l\000e\000v\000e\000l\000\040\000e\000l\000a\000s\000t\000i\000c\000i\000t\000i\000e\000s\000\040\000-\000\040\000p}{subsection.56}% 13
\BOOKMARK [2][-]{subsection.84}{\376\377\000R\000e\000g\000i\000o\000n\000a\000l\000\040\000C\000o\000s\000t\000-\000o\000f\000-\000l\000i\000v\000i\000n\000g\000\040\000D\000i\000f\000f\000e\000r\000e\000n\000c\000e\000s}{section.55}% 14
\BOOKMARK [1][-]{section.88}{\376\377\000G\000e\000o\000g\000r\000a\000p\000h\000i\000c\000\040\000M\000a\000r\000k\000e\000t\000\040\000S\000e\000g\000m\000e\000n\000t\000a\000t\000i\000o\000n\000\040\000i\000n\000\040\000E\000u\000r\000o\000p\000e}{}% 15
\BOOKMARK [2][-]{subsection.89}{\376\377\000E\000m\000p\000i\000r\000i\000c\000a\000l\000\040\000d\000e\000s\000i\000g\000n}{section.88}% 16
\BOOKMARK [2][-]{subsection.103}{\376\377\000C\000o\000s\000t\000-\000o\000f\000-\000l\000i\000v\000i\000n\000g\000\040\000D\000i\000f\000f\000e\000r\000e\000n\000c\000e\000s\000\040\000f\000o\000r\000\040\000C\000o\000m\000p\000a\000r\000a\000b\000l\000e\000\040\000R\000e\000g\000i\000o\000n\000s}{section.88}% 17
\BOOKMARK [2][-]{subsection.108}{\376\377\000D\000e\000t\000e\000c\000t\000i\000n\000g\000\040\000G\000e\000o\000g\000r\000a\000p\000h\000i\000c\000\040\000M\000a\000r\000k\000e\000t\000\040\000S\000e\000g\000m\000e\000n\000t\000a\000t\000i\000o\000n}{section.88}% 18
\BOOKMARK [1][-]{section.112}{\376\377\000C\000o\000n\000c\000l\000u\000d\000i\000n\000g\000\040\000R\000e\000m\000a\000r\000k\000s}{}% 19
\BOOKMARK [1][-]{appendix.114}{\376\377\000D\000a\000t\000a}{}% 20
\BOOKMARK [2][-]{subsection.115}{\376\377\000B\000a\000r\000c\000o\000d\000e\000s\000\040\000a\000n\000d\000\040\000F\000i\000r\000m\000s}{appendix.114}% 21
\BOOKMARK [2][-]{subsection.121}{\376\377\000P\000r\000o\000d\000u\000c\000t\000\040\000c\000a\000t\000e\000g\000o\000r\000i\000e\000s}{appendix.114}% 22
\BOOKMARK [2][-]{subsection.124}{\376\377\000H\000o\000u\000s\000e\000h\000o\000l\000d\000s}{appendix.114}% 23
\BOOKMARK [2][-]{subsection.130}{\376\377\000S\000t\000o\000r\000e\000s}{appendix.114}% 24
\BOOKMARK [1][-]{appendix.132}{\376\377\000R\000e\000d\000u\000c\000e\000d\000\040\000f\000o\000r\000m\000\040\000e\000v\000i\000d\000e\000n\000c\000e}{}% 25
\BOOKMARK [2][-]{subsection.133}{\376\377\000L\000O\000P\000\040\000d\000e\000v\000i\000a\000t\000i\000o\000n\000s}{appendix.132}% 26
\BOOKMARK [2][-]{subsection.140}{\376\377\000C\000h\000o\000i\000c\000e\000\040\000s\000e\000t\000\040\000d\000i\000f\000f\000e\000r\000e\000n\000c\000e\000s}{appendix.132}% 27
\BOOKMARK [1][-]{appendix.149}{\376\377\000D\000e\000r\000i\000v\000a\000t\000i\000o\000n\000s\000\040\000i\000n\000\040\000t\000h\000e\000\040\000t\000h\000e\000o\000r\000e\000t\000i\000c\000a\000l\000\040\000f\000r\000a\000m\000e\000w\000o\000r\000k}{}% 28
\BOOKMARK [2][-]{subsection.150}{\376\377\000C\000o\000s\000t\000-\000o\000f\000-\000l\000i\000v\000i\000n\000g\000\040\000d\000e\000c\000o\000m\000p\000o\000s\000i\000t\000i\000o\000n}{appendix.149}% 29
\BOOKMARK [2][-]{subsection.153}{\376\377\000O\000p\000t\000i\000m\000a\000l\000\040\000p\000r\000i\000c\000i\000n\000g\000\040\000r\000u\000l\000e}{appendix.149}% 30
\BOOKMARK [2][-]{subsection.154}{\376\377\000P\000r\000o\000d\000u\000c\000t\000\040\000v\000a\000r\000i\000e\000t\000y\000-\000l\000e\000v\000e\000l\000\040\000r\000e\000s\000i\000d\000u\000a\000l\000s\000\040\000a\000n\000d\000\040\000S\000t\000r\000u\000c\000t\000u\000r\000a\000l\000\040\000I\000n\000s\000t\000r\000u\000m\000e\000n\000t}{appendix.149}% 31
\BOOKMARK [1][-]{appendix.155}{\376\377\000S\000t\000r\000u\000c\000t\000u\000r\000a\000l\000\040\000E\000s\000t\000i\000m\000a\000t\000i\000o\000n\000\040\000r\000e\000s\000u\000l\000t\000s}{}% 32
\BOOKMARK [2][-]{subsection.156}{\376\377\000B\000a\000r\000c\000o\000d\000e\000-\000l\000e\000v\000e\000l\000\040\000E\000l\000a\000s\000t\000i\000c\000i\000t\000i\000e\000s}{appendix.155}% 33
\BOOKMARK [2][-]{subsection.161}{\376\377\000F\000i\000r\000m\000-\000l\000e\000v\000e\000l\000\040\000E\000l\000a\000s\000t\000i\000c\000i\000t\000i\000e\000s}{appendix.155}% 34
\BOOKMARK [2][-]{subsection.170}{\376\377\000S\000t\000r\000u\000c\000t\000u\000r\000a\000l\000\040\000c\000o\000m\000p\000o\000n\000e\000n\000t\000s}{appendix.155}% 35
\BOOKMARK [1][-]{appendix.172}{\376\377\000B\000o\000r\000d\000e\000r\000\040\000e\000f\000f\000e\000c\000t\000s}{}% 36
\BOOKMARK [2][-]{subsection.173}{\376\377\000E\000s\000t\000i\000m\000a\000t\000i\000o\000n\000\040\000d\000e\000s\000i\000g\000n}{appendix.172}% 37
\BOOKMARK [2][-]{subsection.182}{\376\377\000E\000s\000t\000i\000m\000a\000t\000i\000o\000n\000\040\000r\000e\000s\000u\000l\000t\000s}{appendix.172}% 38
